TN:
SF:/home/safdab/Documents/esir2/mdi/tpJxt/tp5/app.js
FNF:0
FNH:0
DA:1,1
DA:2,1
DA:3,1
DA:5,1
DA:6,1
DA:8,1
DA:10,1
DA:13,1
DA:17,1
DA:20,1
LF:10
LH:10
BRF:0
BRH:0
end_of_record
TN:
SF:/home/safdab/Documents/esir2/mdi/tpJxt/tp5/model/users.js
FN:35,(anonymous_0)
FN:36,(anonymous_1)
FN:42,(anonymous_2)
FN:46,(anonymous_3)
FN:59,(anonymous_4)
FN:60,(anonymous_5)
FN:84,(anonymous_6)
FN:85,(anonymous_7)
FN:93,validateUser
FNF:9
FNH:9
FNDA:2,(anonymous_0)
FNDA:8,(anonymous_1)
FNDA:1,(anonymous_2)
FNDA:3,(anonymous_3)
FNDA:3,(anonymous_4)
FNDA:15,(anonymous_5)
FNDA:2,(anonymous_6)
FNDA:5,(anonymous_7)
FNDA:5,validateUser
DA:1,1
DA:2,1
DA:4,1
DA:11,1
DA:35,1
DA:36,8
DA:37,2
DA:42,1
DA:43,1
DA:46,1
DA:47,3
DA:51,3
DA:52,1
DA:54,2
DA:56,1
DA:59,1
DA:60,15
DA:62,3
DA:63,2
DA:65,2
DA:71,2
DA:74,1
DA:75,1
DA:77,1
DA:80,1
DA:84,1
DA:85,5
DA:86,2
DA:87,1
DA:89,1
DA:94,5
DA:96,5
DA:97,5
DA:98,5
DA:99,2
DA:101,3
DA:104,5
DA:107,1
DA:108,1
DA:109,1
DA:110,1
DA:111,1
LF:42
LH:42
BRDA:37,0,0,1
BRDA:37,0,1,1
BRDA:51,1,0,1
BRDA:51,1,1,2
BRDA:62,2,0,2
BRDA:62,2,1,1
BRDA:71,3,0,1
BRDA:71,3,1,1
BRDA:86,4,0,1
BRDA:86,4,1,1
BRDA:96,5,0,5
BRF:11
BRH:11
end_of_record
TN:
SF:/home/safdab/Documents/esir2/mdi/tpJxt/tp5/routes/users-v1.js
FN:7,(anonymous_0)
FN:18,(anonymous_1)
FN:47,(anonymous_2)
FN:71,(anonymous_3)
FN:103,(anonymous_4)
FN:134,(anonymous_5)
FN:139,(anonymous_6)
FNF:7
FNH:7
FNDA:12,(anonymous_0)
FNDA:2,(anonymous_1)
FNDA:3,(anonymous_2)
FNDA:3,(anonymous_3)
FNDA:2,(anonymous_4)
FNDA:1,(anonymous_5)
FNDA:1,(anonymous_6)
DA:1,1
DA:2,1
DA:4,1
DA:7,1
DA:9,12
DA:14,12
DA:18,1
DA:19,2
DA:22,2
DA:23,2
DA:24,2
DA:25,2
DA:26,1
DA:28,1
DA:47,1
DA:48,3
DA:51,3
DA:52,3
DA:53,3
DA:54,1
DA:59,2
DA:71,1
DA:72,3
DA:73,3
DA:76,3
DA:77,3
DA:78,3
DA:79,1
DA:85,2
DA:86,1
DA:90,1
DA:103,1
DA:104,2
DA:107,2
DA:108,2
DA:109,2
DA:110,1
DA:116,1
DA:117,1
DA:134,1
DA:135,1
DA:139,1
DA:140,1
DA:141,1
LF:44
LH:44
BRDA:9,0,0,12
BRDA:22,1,0,2
BRDA:25,2,0,1
BRDA:25,2,1,1
BRDA:51,3,0,3
BRDA:76,4,0,3
BRDA:76,5,0,3
BRDA:76,5,1,3
BRDA:85,6,0,1
BRDA:85,6,1,1
BRDA:107,7,0,2
BRDA:116,8,0,1
BRF:12
BRH:12
end_of_record
